2026-03-01 10:00:01|INFO|user=Tom|action=login|cost=0
2026-03-01 10:01:02|ERROR|user=Lucy|action=pay|cost=120
2026-03-01 10:02:03|INFO|user=Jack|action=pay|cost=200
2026-03-01 10:03:04|WARNING|user=Alice|action=login|cost=0
2026-03-01 10:04:05|ERROR|user=Tom|action=pay|cost=300
2026-03-01 10:05:06|INFO|user=Lucy|action=logout|cost=0
2026-03-01 10:06:07|ERROR|user=Jack|action=pay|cost=150
2026-03-01 10:07:08|INFO|user=Alice|action=pay|cost=80
2026-03-01 10:08:09|WARNING|user=Tom|action=login|cost=0
2026-03-01 10:09:10|ERROR|user=Lucy|action=pay|cost=60
2026-03-01 10:10:11|INFO|user=Jack|action=logout|cost=0
2026-03-01 10:11:12|ERROR|user=Alice|action=pay|cost=220
2026-03-01 10:12:13|INFO|user=Tom|action=pay|cost=130
2026-03-01 10:13:14|WARNING|user=Lucy|action=login|cost=0
2026-03-01 10:14:15|ERROR|user=Jack|action=pay|cost=170
2026-03-01 10:15:16|INFO|user=Alice|action=logout|cost=0
2026-03-01 10:16:17|ERROR|user=Tom|action=pay|cost=90
2026-03-01 10:17:18|INFO|user=Lucy|action=pay|cost=110
2026-03-01 10:18:19|WARNING|user=Jack|action=login|cost=0
2026-03-01 10:19:20|ERROR|user=Alice|action=pay|cost=260
2026-03-01 10:20:21|INFO|user=Tom|action=logout|cost=0
2026-03-01 10:21:22|ERROR|user=Lucy|action=pay|cost=75
2026-03-01 10:22:23|INFO|user=Jack|action=pay|cost=180
2026-03-01 10:23:24|WARNING|user=Alice|action=login|cost=0
2026-03-01 10:24:25|ERROR|user=Tom|action=pay|cost=210
2026-03-01 10:25:26|INFO|user=Lucy|action=logout|cost=0
2026-03-01 10:26:27|ERROR|user=Jack|action=pay|cost=140
2026-03-01 10:27:28|INFO|user=Alice|action=pay|cost=95
2026-03-01 10:28:29|WARNING|user=Tom|action=login|cost=0
2026-03-01 10:29:30|ERROR|user=Lucy|action=pay|cost=160
2026-03-01 10:30:31|INFO|user=Jack|action=logout|cost=0
2026-03-01 10:31:32|ERROR|user=Alice|action=pay|cost=300
2026-03-01 10:32:33|INFO|user=Tom|action=pay|cost=50
2026-03-01 10:33:34|WARNING|user=Lucy|action=login|cost=0
2026-03-01 10:34:35|ERROR|user=Jack|action=pay|cost=220
2026-03-01 10:35:36|INFO|user=Alice|action=logout|cost=0
2026-03-01 10:36:37|ERROR|user=Tom|action=pay|cost=180
2026-03-01 10:37:38|INFO|user=Lucy|action=pay|cost=90
2026-03-01 10:38:39|WARNING|user=Jack|action=login|cost=0
2026-03-01 10:39:40|ERROR|user=Alice|action=pay|cost=130
2026-03-01 10:40:41|INFO|user=Tom|action=logout|cost=0
2026-03-01 10:41:42|ERROR|user=Lucy|action=pay|cost=210
2026-03-01 10:42:43|INFO|user=Jack|action=pay|cost=100
2026-03-01 10:43:44|WARNING|user=Alice|action=login|cost=0
2026-03-01 10:44:45|ERROR|user=Tom|action=pay|cost=240
2026-03-01 10:45:46|INFO|user=Lucy|action=logout|cost=0
2026-03-01 10:46:47|ERROR|user=Jack|action=pay|cost=190
2026-03-01 10:47:48|INFO|user=Alice|action=pay|cost=70
2026-03-01 10:48:49|WARNING|user=Tom|action=login|cost=0
2026-03-01 10:49:50|ERROR|user=Lucy|action=pay|cost=145
2026-03-01 10:50:51|INFO|user=Jack|action=logout|cost=0
2026-03-01 10:51:52|ERROR|user=Alice|action=pay|cost=280
2026-03-01 10:52:53|INFO|user=Tom|action=pay|cost=160
2026-03-01 10:53:54|WARNING|user=Lucy|action=login|cost=0
2026-03-01 10:54:55|ERROR|user=Jack|action=pay|cost=175
2026-03-01 10:55:56|INFO|user=Alice|action=logout|cost=0
2026-03-01 10:56:57|ERROR|user=Tom|action=pay|cost=110
2026-03-01 10:57:58|INFO|user=Lucy|action=pay|cost=200
2026-03-01 10:58:59|WARNING|user=Jack|action=login|cost=0
2026-03-01 10:59:00|ERROR|user=Alice|action=pay|cost=155
2026-03-01 11:00:01|INFO|user=Tom|action=logout|cost=0
2026-03-01 11:01:02|ERROR|user=Lucy|action=pay|cost=95
2026-03-01 11:02:03|INFO|user=Jack|action=pay|cost=260
2026-03-01 11:03:04|WARNING|user=Alice|action=login|cost=0
2026-03-01 11:04:05|ERROR|user=Tom|action=pay|cost=205
2026-03-01 11:05:06|INFO|user=Lucy|action=logout|cost=0
2026-03-01 11:06:07|ERROR|user=Jack|action=pay|cost=120
2026-03-01 11:07:08|INFO|user=Alice|action=pay|cost=180
2026-03-01 11:08:09|WARNING|user=Tom|action=login|cost=0
2026-03-01 11:09:10|ERROR|user=Lucy|action=pay|cost=220
2026-03-01 11:10:11|INFO|user=Jack|action=logout|cost=0
2026-03-01 11:11:12|ERROR|user=Alice|action=pay|cost=145
2026-03-01 11:12:13|INFO|user=Tom|action=pay|cost=175
2026-03-01 11:13:14|WARNING|user=Lucy|action=login|cost=0
2026-03-01 11:14:15|ERROR|user=Jack|action=pay|cost=300
2026-03-01 11:15:16|INFO|user=Alice|action=logout|cost=0
2026-03-01 11:16:17|ERROR|user=Tom|action=pay|cost=190
2026-03-01 11:17:18|INFO|user=Lucy|action=pay|cost=85
2026-03-01 11:18:19|WARNING|user=Jack|action=login|cost=0
2026-03-01 11:19:20|ERROR|user=Alice|action=pay|cost=210
2026-03-01 11:20:21|INFO|user=Tom|action=logout|cost=0
2026-03-01 11:21:22|ERROR|user=Lucy|action=pay|cost=160
2026-03-01 11:22:23|INFO|user=Jack|action=pay|cost=140
2026-03-01 11:23:24|WARNING|user=Alice|action=login|cost=0
2026-03-01 11:24:25|ERROR|user=Tom|action=pay|cost=220
2026-03-01 11:25:26|INFO|user=Lucy|action=logout|cost=0
2026-03-01 11:26:27|ERROR|user=Jack|action=pay|cost=175
2026-03-01 11:27:28|INFO|user=Alice|action=pay|cost=100
2026-03-01 11:28:29|WARNING|user=Tom|action=login|cost=0
2026-03-01 11:29:30|ERROR|user=Lucy|action=pay|cost=240